<?xml version="1.0" encoding="UTF-8"?>
<!-- Generated by org.testng.reporters.JUnitXMLReporter -->
<testsuite ignored="0" hostname="IN-5CG016FPC1" failures="1" tests="7" name="Test" time="1702.51" errors="0" timestamp="2023-01-10T18:42:11 IST">
  <testcase classname="com.dxc.testcases.GL010_01" name="testCase1001" time="244.896"/>
  <testcase classname="com.dxc.testcases.GL010_02" name="testCase1002" time="405.519"/>
  <testcase classname="com.dxc.testcases.GL010_03" name="testCase1003" time="100.231"/>
  <testcase classname="com.dxc.testcases.GL010_04" name="testCase1004" time="88.733"/>
  <testcase classname="com.dxc.testcases.GL010_06" name="testCase1006" time="357.909"/>
  <testcase classname="com.dxc.testcases.GL020_01" name="testCase2001" time="368.226"/>
  <testcase classname="com.dxc.testcases.GL020_02" name="testCase2002" time="136.84">
    <failure type="java.lang.AssertionError" message="org.openqa.selenium.NoSuchElementException: no such element: Unable to locate element: {&amp;quot;method&amp;quot;:&amp;quot;xpath&amp;quot;,&amp;quot;selector&amp;quot;:&amp;quot;*//select[@id=(//label[text()=&amp;apos;Subledger Application&amp;apos;]/@for)]&amp;quot;}
  (Session info: chrome=108.0.5359.125)
For documentation on this error, please visit: https://www.seleniumhq.org/exceptions/no_such_element.html
Build info: version: &amp;apos;3.141.59&amp;apos;, revision: &amp;apos;e82be7d358&amp;apos;, time: &amp;apos;2018-11-14T08:17:03&amp;apos;
System info: host: &amp;apos;IN-5CG016FPC1&amp;apos;, ip: &amp;apos;172.23.178.62&amp;apos;, os.name: &amp;apos;Windows 10&amp;apos;, os.arch: &amp;apos;amd64&amp;apos;, os.version: &amp;apos;10.0&amp;apos;, java.version: &amp;apos;15.0.1&amp;apos;
Driver info: org.openqa.selenium.chrome.ChromeDriver
Capabilities {acceptInsecureCerts: false, browserName: chrome, browserVersion: 108.0.5359.125, chrome: {chromedriverVersion: 108.0.5359.71 (1e0e3868ee06..., userDataDir: C:\Users\KSHARM~1\AppData\L...}, goog:chromeOptions: {debuggerAddress: localhost:53303}, javascriptEnabled: true, networkConnectionEnabled: false, pageLoadStrategy: normal, platform: WINDOWS, platformName: WINDOWS, proxy: Proxy(), setWindowRect: true, strictFileInteractability: false, timeouts: {implicit: 0, pageLoad: 300000, script: 30000}, unhandledPromptBehavior: dismiss and notify, webauthn:extension:credBlob: true, webauthn:extension:largeBlob: true, webauthn:virtualAuthenticators: true}
Session ID: 0a5ea06ff073495152b45ce8b457dc13
*** Element info: {Using=xpath, value=*//select[@id=(//label[text()=&amp;apos;Subledger Application&amp;apos;]/@for)]}">
      <![CDATA[java.lang.AssertionError: org.openqa.selenium.NoSuchElementException: no such element: Unable to locate element: {"method":"xpath","selector":"*//select[@id=(//label[text()='Subledger Application']/@for)]"}
  (Session info: chrome=108.0.5359.125)
For documentation on this error, please visit: https://www.seleniumhq.org/exceptions/no_such_element.html
Build info: version: '3.141.59', revision: 'e82be7d358', time: '2018-11-14T08:17:03'
System info: host: 'IN-5CG016FPC1', ip: '172.23.178.62', os.name: 'Windows 10', os.arch: 'amd64', os.version: '10.0', java.version: '15.0.1'
Driver info: org.openqa.selenium.chrome.ChromeDriver
Capabilities {acceptInsecureCerts: false, browserName: chrome, browserVersion: 108.0.5359.125, chrome: {chromedriverVersion: 108.0.5359.71 (1e0e3868ee06..., userDataDir: C:\Users\KSHARM~1\AppData\L...}, goog:chromeOptions: {debuggerAddress: localhost:53303}, javascriptEnabled: true, networkConnectionEnabled: false, pageLoadStrategy: normal, platform: WINDOWS, platformName: WINDOWS, proxy: Proxy(), setWindowRect: true, strictFileInteractability: false, timeouts: {implicit: 0, pageLoad: 300000, script: 30000}, unhandledPromptBehavior: dismiss and notify, webauthn:extension:credBlob: true, webauthn:extension:largeBlob: true, webauthn:virtualAuthenticators: true}
Session ID: 0a5ea06ff073495152b45ce8b457dc13
*** Element info: {Using=xpath, value=*//select[@id=(//label[text()='Subledger Application']/@for)]}
at com.dxc.testcases.GL020_02.testCase2002(GL020_02.java:101)
at java.base/java.util.ArrayList.forEach(ArrayList.java:1511)
... Removed 28 stack frames]]>
    </failure>
  </testcase> <!-- testCase2002 -->
</testsuite> <!-- Test -->
