<?xml version="1.0" encoding="UTF-8"?>
<!-- Generated by org.testng.reporters.JUnitXMLReporter -->
<testsuite ignored="0" hostname="US-PF2004MS" failures="4" tests="7" name="Test" time="1691.789" errors="0" timestamp="2023-01-30T19:47:19 IST">
  <testcase classname="com.dxc.testcases.GL010_01" name="testCase1001" time="266.606"/>
  <testcase classname="com.dxc.testcases.GL010_02" name="testCase1002" time="430.647"/>
  <testcase classname="com.dxc.testcases.GL010_03" name="testCase1003" time="204.394">
    <failure type="java.lang.AssertionError" message="org.openqa.selenium.TimeoutException: Expected condition failed: waiting for presence of element located by: By.xpath: *//button[contains(@title, &amp;apos;Journal_b571 &amp;apos;) and text()=&amp;apos;Approve&amp;apos;] (tried for 60 second(s) with 500 milliseconds interval)">
      <![CDATA[java.lang.AssertionError: org.openqa.selenium.TimeoutException: Expected condition failed: waiting for presence of element located by: By.xpath: *//button[contains(@title, 'Journal_b571 ') and text()='Approve'] (tried for 60 second(s) with 500 milliseconds interval)
at com.dxc.testcases.GL010_03.testCase1003(GL010_03.java:94)
at java.base/java.util.ArrayList.forEach(ArrayList.java:1541)
... Removed 31 stack frames]]>
    </failure>
  </testcase> <!-- testCase1003 -->
  <testcase classname="com.dxc.testcases.GL010_04" name="testCase1004" time="106.132">
    <failure type="java.lang.AssertionError" message="org.openqa.selenium.TimeoutException: Expected condition failed: waiting for presence of element located by: By.xpath: *//button[contains(@title, &amp;apos;Journal_b571_Copy1 &amp;apos;) and text()=&amp;apos;Reject&amp;apos;] (tried for 60 second(s) with 500 milliseconds interval)">
      <![CDATA[java.lang.AssertionError: org.openqa.selenium.TimeoutException: Expected condition failed: waiting for presence of element located by: By.xpath: *//button[contains(@title, 'Journal_b571_Copy1 ') and text()='Reject'] (tried for 60 second(s) with 500 milliseconds interval)
at com.dxc.testcases.GL010_04.testCase1004(GL010_04.java:95)
at java.base/java.util.ArrayList.forEach(ArrayList.java:1541)
... Removed 31 stack frames]]>
    </failure>
  </testcase> <!-- testCase1004 -->
  <testcase classname="com.dxc.testcases.GL010_06" name="testCase1006" time="303.419">
    <failure type="java.lang.AssertionError" message="org.openqa.selenium.TimeoutException: Expected condition failed: waiting for visibility of element located by By.xpath: *//a[text()=&amp;apos;Journal_571&amp;apos;] (tried for 60 second(s) with 500 milliseconds interval)">
      <![CDATA[java.lang.AssertionError: org.openqa.selenium.TimeoutException: Expected condition failed: waiting for visibility of element located by By.xpath: *//a[text()='Journal_571'] (tried for 60 second(s) with 500 milliseconds interval)
at com.dxc.testcases.GL010_06.testCase1006(GL010_06.java:115)
at java.base/java.util.ArrayList.forEach(ArrayList.java:1541)
... Removed 31 stack frames]]>
    </failure>
  </testcase> <!-- testCase1006 -->
  <testcase classname="com.dxc.testcases.GL020_01" name="testCase2001" time="287.311"/>
  <testcase classname="com.dxc.testcases.GL020_02" name="testCase2002" time="93.246">
    <failure type="java.lang.AssertionError" message="org.openqa.selenium.ElementClickInterceptedException: element click intercepted: Element &amp;lt;a href=&amp;quot;#&amp;quot; onclick=&amp;quot;this.focus();return false&amp;quot; class=&amp;quot;xre&amp;quot; role=&amp;quot;button&amp;quot;&amp;gt;...&amp;lt;/a&amp;gt; is not clickable at point (252, 268). Other element would receive the click: &amp;lt;span class=&amp;quot;af_column_label-text&amp;quot;&amp;gt;...&amp;lt;/span&amp;gt;
  (Session info: chrome=109.0.5414.120)
Build info: version: &amp;apos;3.141.59&amp;apos;, revision: &amp;apos;e82be7d358&amp;apos;, time: &amp;apos;2018-11-14T08:17:03&amp;apos;
System info: host: &amp;apos;US-PF2004MS&amp;apos;, ip: &amp;apos;192.168.74.254&amp;apos;, os.name: &amp;apos;Windows 10&amp;apos;, os.arch: &amp;apos;amd64&amp;apos;, os.version: &amp;apos;10.0&amp;apos;, java.version: &amp;apos;11.0.16.1&amp;apos;
Driver info: org.openqa.selenium.chrome.ChromeDriver
Capabilities {acceptInsecureCerts: false, browserName: chrome, browserVersion: 109.0.5414.120, chrome: {chromedriverVersion: 109.0.5414.74 (e7c5703604da..., userDataDir: C:\Program Files (x86)\scop...}, goog:chromeOptions: {debuggerAddress: localhost:59121}, javascriptEnabled: true, networkConnectionEnabled: false, pageLoadStrategy: normal, platform: WINDOWS, platformName: WINDOWS, proxy: Proxy(), setWindowRect: true, strictFileInteractability: false, timeouts: {implicit: 0, pageLoad: 300000, script: 30000}, unhandledPromptBehavior: dismiss and notify, webauthn:extension:credBlob: true, webauthn:extension:largeBlob: true, webauthn:virtualAuthenticators: true}
Session ID: 4e9f8175055e622471091276978d80ff">
      <![CDATA[java.lang.AssertionError: org.openqa.selenium.ElementClickInterceptedException: element click intercepted: Element <a href="#" onclick="this.focus();return false" class="xre" role="button">...</a> is not clickable at point (252, 268). Other element would receive the click: <span class="af_column_label-text">...</span>
  (Session info: chrome=109.0.5414.120)
Build info: version: '3.141.59', revision: 'e82be7d358', time: '2018-11-14T08:17:03'
System info: host: 'US-PF2004MS', ip: '192.168.74.254', os.name: 'Windows 10', os.arch: 'amd64', os.version: '10.0', java.version: '11.0.16.1'
Driver info: org.openqa.selenium.chrome.ChromeDriver
Capabilities {acceptInsecureCerts: false, browserName: chrome, browserVersion: 109.0.5414.120, chrome: {chromedriverVersion: 109.0.5414.74 (e7c5703604da..., userDataDir: C:\Program Files (x86)\scop...}, goog:chromeOptions: {debuggerAddress: localhost:59121}, javascriptEnabled: true, networkConnectionEnabled: false, pageLoadStrategy: normal, platform: WINDOWS, platformName: WINDOWS, proxy: Proxy(), setWindowRect: true, strictFileInteractability: false, timeouts: {implicit: 0, pageLoad: 300000, script: 30000}, unhandledPromptBehavior: dismiss and notify, webauthn:extension:credBlob: true, webauthn:extension:largeBlob: true, webauthn:virtualAuthenticators: true}
Session ID: 4e9f8175055e622471091276978d80ff
at com.dxc.testcases.GL020_02.testCase2002(GL020_02.java:101)
at java.base/java.util.ArrayList.forEach(ArrayList.java:1541)
... Removed 31 stack frames]]>
    </failure>
  </testcase> <!-- testCase2002 -->
</testsuite> <!-- Test -->
